[1.066s] Invoking command in '/home/userfs/h/hjvw500/Turtlesim/py_pubsub': PYTHONPATH=/home/userfs/h/hjvw500/Turtlesim/build/py_pubsub/prefix_override:/home/userfs/h/hjvw500/Turtlesim/install/py_pubsub/lib/python3.10/site-packages:${PYTHONPATH} /usr/bin/python3 setup.py egg_info --egg-base ../build/py_pubsub build --build-base /home/userfs/h/hjvw500/Turtlesim/build/py_pubsub/build install --record /home/userfs/h/hjvw500/Turtlesim/build/py_pubsub/install.log --single-version-externally-managed
[1.359s] running egg_info
[1.360s] writing ../build/py_pubsub/py_pubsub.egg-info/PKG-INFO
[1.362s] writing dependency_links to ../build/py_pubsub/py_pubsub.egg-info/dependency_links.txt
[1.364s] writing entry points to ../build/py_pubsub/py_pubsub.egg-info/entry_points.txt
[1.366s] writing requirements to ../build/py_pubsub/py_pubsub.egg-info/requires.txt
[1.367s] writing top-level names to ../build/py_pubsub/py_pubsub.egg-info/top_level.txt
[1.375s] reading manifest file '../build/py_pubsub/py_pubsub.egg-info/SOURCES.txt'
[1.377s] writing manifest file '../build/py_pubsub/py_pubsub.egg-info/SOURCES.txt'
[1.380s] running build
[1.380s] running build_py
[1.382s] copying py_pubsub/publisher_member_function.py -> /home/userfs/h/hjvw500/Turtlesim/build/py_pubsub/build/lib/py_pubsub
[1.387s] running install
[1.387s] /usr/lib/python3/dist-packages/setuptools/command/install.py:34: SetuptoolsDeprecationWarning: setup.py install is deprecated. Use build and pip and other standards-based tools.
[1.387s]   warnings.warn(
[1.387s] running install_lib
[1.390s] copying /home/userfs/h/hjvw500/Turtlesim/build/py_pubsub/build/lib/py_pubsub/publisher_member_function.py -> /home/userfs/h/hjvw500/Turtlesim/install/py_pubsub/lib/python3.10/site-packages/py_pubsub
[1.397s] byte-compiling /home/userfs/h/hjvw500/Turtlesim/install/py_pubsub/lib/python3.10/site-packages/py_pubsub/publisher_member_function.py to publisher_member_function.cpython-310.pyc
[1.402s] running install_data
[1.404s] running install_egg_info
[1.405s] removing '/home/userfs/h/hjvw500/Turtlesim/install/py_pubsub/lib/python3.10/site-packages/py_pubsub-0.0.0-py3.10.egg-info' (and everything under it)
[1.414s] Copying ../build/py_pubsub/py_pubsub.egg-info to /home/userfs/h/hjvw500/Turtlesim/install/py_pubsub/lib/python3.10/site-packages/py_pubsub-0.0.0-py3.10.egg-info
[1.442s] running install_scripts
[1.474s] Installing listener script to /home/userfs/h/hjvw500/Turtlesim/install/py_pubsub/lib/py_pubsub
[1.477s] Installing talker script to /home/userfs/h/hjvw500/Turtlesim/install/py_pubsub/lib/py_pubsub
[1.481s] writing list of installed files to '/home/userfs/h/hjvw500/Turtlesim/build/py_pubsub/install.log'
[1.516s] Invoked command in '/home/userfs/h/hjvw500/Turtlesim/py_pubsub' returned '0': PYTHONPATH=/home/userfs/h/hjvw500/Turtlesim/build/py_pubsub/prefix_override:/home/userfs/h/hjvw500/Turtlesim/install/py_pubsub/lib/python3.10/site-packages:${PYTHONPATH} /usr/bin/python3 setup.py egg_info --egg-base ../build/py_pubsub build --build-base /home/userfs/h/hjvw500/Turtlesim/build/py_pubsub/build install --record /home/userfs/h/hjvw500/Turtlesim/build/py_pubsub/install.log --single-version-externally-managed
