[1.068s] Invoking command in '/home/userfs/h/hjvw500/Turtlesim/py_pubsub': PYTHONPATH=/home/userfs/h/hjvw500/Turtlesim/build/py_pubsub/prefix_override:/home/userfs/h/hjvw500/Turtlesim/install/py_pubsub/lib/python3.10/site-packages:${PYTHONPATH} /usr/bin/python3 setup.py egg_info --egg-base ../build/py_pubsub build --build-base /home/userfs/h/hjvw500/Turtlesim/build/py_pubsub/build install --record /home/userfs/h/hjvw500/Turtlesim/build/py_pubsub/install.log --single-version-externally-managed
[1.355s] running egg_info
[1.356s] writing ../build/py_pubsub/py_pubsub.egg-info/PKG-INFO
[1.359s] writing dependency_links to ../build/py_pubsub/py_pubsub.egg-info/dependency_links.txt
[1.360s] writing entry points to ../build/py_pubsub/py_pubsub.egg-info/entry_points.txt
[1.362s] writing requirements to ../build/py_pubsub/py_pubsub.egg-info/requires.txt
[1.364s] writing top-level names to ../build/py_pubsub/py_pubsub.egg-info/top_level.txt
[1.372s] reading manifest file '../build/py_pubsub/py_pubsub.egg-info/SOURCES.txt'
[1.374s] writing manifest file '../build/py_pubsub/py_pubsub.egg-info/SOURCES.txt'
[1.376s] running build
[1.376s] running build_py
[1.379s] copying py_pubsub/publisher_member_function.py -> /home/userfs/h/hjvw500/Turtlesim/build/py_pubsub/build/lib/py_pubsub
[1.384s] running install
[1.384s] /usr/lib/python3/dist-packages/setuptools/command/install.py:34: SetuptoolsDeprecationWarning: setup.py install is deprecated. Use build and pip and other standards-based tools.
[1.384s]   warnings.warn(
[1.384s] running install_lib
[1.387s] copying /home/userfs/h/hjvw500/Turtlesim/build/py_pubsub/build/lib/py_pubsub/publisher_member_function.py -> /home/userfs/h/hjvw500/Turtlesim/install/py_pubsub/lib/python3.10/site-packages/py_pubsub
[1.393s] byte-compiling /home/userfs/h/hjvw500/Turtlesim/install/py_pubsub/lib/python3.10/site-packages/py_pubsub/publisher_member_function.py to publisher_member_function.cpython-310.pyc
[1.397s] running install_data
[1.399s] running install_egg_info
[1.401s] removing '/home/userfs/h/hjvw500/Turtlesim/install/py_pubsub/lib/python3.10/site-packages/py_pubsub-0.0.0-py3.10.egg-info' (and everything under it)
[1.410s] Copying ../build/py_pubsub/py_pubsub.egg-info to /home/userfs/h/hjvw500/Turtlesim/install/py_pubsub/lib/python3.10/site-packages/py_pubsub-0.0.0-py3.10.egg-info
[1.435s] running install_scripts
[1.468s] Installing listener script to /home/userfs/h/hjvw500/Turtlesim/install/py_pubsub/lib/py_pubsub
[1.471s] Installing talker script to /home/userfs/h/hjvw500/Turtlesim/install/py_pubsub/lib/py_pubsub
[1.473s] writing list of installed files to '/home/userfs/h/hjvw500/Turtlesim/build/py_pubsub/install.log'
[1.496s] Invoked command in '/home/userfs/h/hjvw500/Turtlesim/py_pubsub' returned '0': PYTHONPATH=/home/userfs/h/hjvw500/Turtlesim/build/py_pubsub/prefix_override:/home/userfs/h/hjvw500/Turtlesim/install/py_pubsub/lib/python3.10/site-packages:${PYTHONPATH} /usr/bin/python3 setup.py egg_info --egg-base ../build/py_pubsub build --build-base /home/userfs/h/hjvw500/Turtlesim/build/py_pubsub/build install --record /home/userfs/h/hjvw500/Turtlesim/build/py_pubsub/install.log --single-version-externally-managed
