[1.055s] Invoking command in '/home/userfs/h/hjvw500/Turtlesim/py_pubsub': PYTHONPATH=/home/userfs/h/hjvw500/Turtlesim/build/py_pubsub/prefix_override:/home/userfs/h/hjvw500/Turtlesim/install/py_pubsub/lib/python3.10/site-packages:${PYTHONPATH} /usr/bin/python3 setup.py egg_info --egg-base ../build/py_pubsub build --build-base /home/userfs/h/hjvw500/Turtlesim/build/py_pubsub/build install --record /home/userfs/h/hjvw500/Turtlesim/build/py_pubsub/install.log --single-version-externally-managed
[1.331s] running egg_info
[1.332s] writing ../build/py_pubsub/py_pubsub.egg-info/PKG-INFO
[1.334s] writing dependency_links to ../build/py_pubsub/py_pubsub.egg-info/dependency_links.txt
[1.336s] writing entry points to ../build/py_pubsub/py_pubsub.egg-info/entry_points.txt
[1.338s] writing requirements to ../build/py_pubsub/py_pubsub.egg-info/requires.txt
[1.340s] writing top-level names to ../build/py_pubsub/py_pubsub.egg-info/top_level.txt
[1.346s] reading manifest file '../build/py_pubsub/py_pubsub.egg-info/SOURCES.txt'
[1.348s] writing manifest file '../build/py_pubsub/py_pubsub.egg-info/SOURCES.txt'
[1.350s] running build
[1.350s] running build_py
[1.351s] copying py_pubsub/subscriber_member_function.py -> /home/userfs/h/hjvw500/Turtlesim/build/py_pubsub/build/lib/py_pubsub
[1.356s] running install
[1.356s] /usr/lib/python3/dist-packages/setuptools/command/install.py:34: SetuptoolsDeprecationWarning: setup.py install is deprecated. Use build and pip and other standards-based tools.
[1.356s]   warnings.warn(
[1.356s] running install_lib
[1.358s] copying /home/userfs/h/hjvw500/Turtlesim/build/py_pubsub/build/lib/py_pubsub/subscriber_member_function.py -> /home/userfs/h/hjvw500/Turtlesim/install/py_pubsub/lib/python3.10/site-packages/py_pubsub
[1.364s] byte-compiling /home/userfs/h/hjvw500/Turtlesim/install/py_pubsub/lib/python3.10/site-packages/py_pubsub/subscriber_member_function.py to subscriber_member_function.cpython-310.pyc
[1.369s] running install_data
[1.370s] running install_egg_info
[1.371s] removing '/home/userfs/h/hjvw500/Turtlesim/install/py_pubsub/lib/python3.10/site-packages/py_pubsub-0.0.0-py3.10.egg-info' (and everything under it)
[1.381s] Copying ../build/py_pubsub/py_pubsub.egg-info to /home/userfs/h/hjvw500/Turtlesim/install/py_pubsub/lib/python3.10/site-packages/py_pubsub-0.0.0-py3.10.egg-info
[1.411s] running install_scripts
[1.441s] Installing listener script to /home/userfs/h/hjvw500/Turtlesim/install/py_pubsub/lib/py_pubsub
[1.444s] Installing talker script to /home/userfs/h/hjvw500/Turtlesim/install/py_pubsub/lib/py_pubsub
[1.448s] writing list of installed files to '/home/userfs/h/hjvw500/Turtlesim/build/py_pubsub/install.log'
[1.470s] Invoked command in '/home/userfs/h/hjvw500/Turtlesim/py_pubsub' returned '0': PYTHONPATH=/home/userfs/h/hjvw500/Turtlesim/build/py_pubsub/prefix_override:/home/userfs/h/hjvw500/Turtlesim/install/py_pubsub/lib/python3.10/site-packages:${PYTHONPATH} /usr/bin/python3 setup.py egg_info --egg-base ../build/py_pubsub build --build-base /home/userfs/h/hjvw500/Turtlesim/build/py_pubsub/build install --record /home/userfs/h/hjvw500/Turtlesim/build/py_pubsub/install.log --single-version-externally-managed
